WARNING 2015-07-05 10:17:31,210 base 26519 4338810880 /Users/xu/.virtualenvs/meeting/lib/python2.7/site-packages/django/core/handlers/base.py 145 get_response Not Found: /teacher/
WARNING 2015-07-05 10:17:41,832 base 26519 4338810880 /Users/xu/.virtualenvs/meeting/lib/python2.7/site-packages/django/core/handlers/base.py 145 get_response Not Found: /teacher/
WARNING 2015-07-05 10:17:43,830 base 26519 4346658816 /Users/xu/.virtualenvs/meeting/lib/python2.7/site-packages/django/core/handlers/base.py 145 get_response Not Found: /teacher/
WARNING 2015-07-05 10:17:48,252 base 26519 4350865408 /Users/xu/.virtualenvs/meeting/lib/python2.7/site-packages/django/core/handlers/base.py 145 get_response Not Found: /teacher/
WARNING 2015-07-05 10:18:27,756 base 26519 4338810880 /Users/xu/.virtualenvs/meeting/lib/python2.7/site-packages/django/core/handlers/base.py 145 get_response Not Found: /teacher/5/
WARNING 2015-07-05 10:21:13,344 base 26981 4365840384 /Users/xu/.virtualenvs/meeting/lib/python2.7/site-packages/django/core/handlers/base.py 145 get_response Not Found: /teacher/1/classes/static/css/footer.css
WARNING 2015-07-05 10:21:13,350 base 26981 4374515712 /Users/xu/.virtualenvs/meeting/lib/python2.7/site-packages/django/core/handlers/base.py 145 get_response Not Found: /teacher/1/classes/static/js/setRem.js
WARNING 2015-07-05 10:21:13,353 base 26981 4370309120 /Users/xu/.virtualenvs/meeting/lib/python2.7/site-packages/django/core/handlers/base.py 145 get_response Not Found: /teacher/1/classes/static/js/angularJS/angular-1.3.0.js
WARNING 2015-07-05 10:21:13,356 base 26981 4356706304 /Users/xu/.virtualenvs/meeting/lib/python2.7/site-packages/django/core/handlers/base.py 145 get_response Not Found: /teacher/1/classes/static/css/index.css
WARNING 2015-07-05 10:21:13,358 base 26981 4361371648 /Users/xu/.virtualenvs/meeting/lib/python2.7/site-packages/django/core/handlers/base.py 145 get_response Not Found: /teacher/1/classes/static/css/resets.css
WARNING 2015-07-05 10:21:13,379 base 26981 4365840384 /Users/xu/.virtualenvs/meeting/lib/python2.7/site-packages/django/core/handlers/base.py 145 get_response Not Found: /teacher/1/classes/static/js/controllers/teacher_class_all_app.js
WARNING 2015-07-05 16:25:58,648 base 28138 4535562240 /Users/xu/.virtualenvs/meeting/lib/python2.7/site-packages/django/core/handlers/base.py 145 get_response Not Found: /teacher/1/messages/
WARNING 2015-07-05 16:27:07,770 base 28146 4551270400 /Users/xu/.virtualenvs/meeting/lib/python2.7/site-packages/django/core/handlers/base.py 145 get_response Not Found: /teacher/1/messages/
WARNING 2015-07-05 18:15:24,274 base 28478 4344344576 /Users/xu/.virtualenvs/meeting/lib/python2.7/site-packages/django/core/handlers/base.py 145 get_response Not Found: /users/login
WARNING 2015-07-05 18:15:36,659 base 28478 4356964352 /Users/xu/.virtualenvs/meeting/lib/python2.7/site-packages/django/core/handlers/base.py 145 get_response Not Found: /users/login/static/js/setRem.js
WARNING 2015-07-05 18:15:36,659 base 28478 4361170944 /Users/xu/.virtualenvs/meeting/lib/python2.7/site-packages/django/core/handlers/base.py 145 get_response Not Found: /users/login/static/js/controllers/teacher_login.js
WARNING 2015-07-05 18:16:58,899 base 28478 4352757760 /Users/xu/.virtualenvs/meeting/lib/python2.7/site-packages/django/core/handlers/base.py 145 get_response Not Found: /users/login/static/js/setRem.js
WARNING 2015-07-05 18:16:58,909 base 28478 4356964352 /Users/xu/.virtualenvs/meeting/lib/python2.7/site-packages/django/core/handlers/base.py 145 get_response Not Found: /users/login/static/js/controllers/teacher_login.js
WARNING 2015-07-05 18:40:59,749 base 28943 4462764032 /Users/xu/.virtualenvs/meeting/lib/python2.7/site-packages/django/core/handlers/base.py 145 get_response Not Found: /teacher/1/terms/
WARNING 2015-07-05 18:41:46,640 base 28943 4462764032 /Users/xu/.virtualenvs/meeting/lib/python2.7/site-packages/django/core/handlers/base.py 145 get_response Not Found: /teacher/1/terms/
WARNING 2015-07-05 18:41:49,437 base 29703 4344139776 /Users/xu/.virtualenvs/meeting/lib/python2.7/site-packages/django/core/handlers/base.py 145 get_response Not Found: /teacher/1/terms/static/css/index.css
WARNING 2015-07-05 19:28:23,396 base 30143 4577714176 /Users/xu/.virtualenvs/meeting/lib/python2.7/site-packages/django/core/handlers/base.py 145 get_response Not Found: /teacher/create/term/static/js/angularJS/angular-1.3.0.js
WARNING 2015-07-05 19:28:53,216 base 30154 4527616000 /Users/xu/.virtualenvs/meeting/lib/python2.7/site-packages/django/core/handlers/base.py 145 get_response Not Found: /teacher/create/term/static/js/angularJS/angular-1.3.0.js
WARNING 2015-07-05 19:29:07,282 base 30154 4527616000 /Users/xu/.virtualenvs/meeting/lib/python2.7/site-packages/django/core/handlers/base.py 145 get_response Not Found: /teacher/create/term/static/js/angularJS/angular.min.js
WARNING 2015-07-05 22:33:12,639 base 30505 4442820608 /Users/xu/.virtualenvs/meeting/lib/python2.7/site-packages/django/core/handlers/base.py 145 get_response Not Found: /teacher/create/term/success/static/css/index.css
WARNING 2015-07-05 22:33:12,680 base 30505 4448010240 /Users/xu/.virtualenvs/meeting/lib/python2.7/site-packages/django/core/handlers/base.py 145 get_response Not Found: /teacher/create/term/success/static/css/resets.css
WARNING 2015-07-05 22:33:12,680 base 30505 4452216832 /Users/xu/.virtualenvs/meeting/lib/python2.7/site-packages/django/core/handlers/base.py 145 get_response Not Found: /teacher/create/term/success/static/js/angularJS/angular-1.3.0.js
WARNING 2015-07-05 22:33:12,682 base 30505 4442820608 /Users/xu/.virtualenvs/meeting/lib/python2.7/site-packages/django/core/handlers/base.py 145 get_response Not Found: /teacher/create/term/success/static/js/setRem.js
WARNING 2015-07-05 22:33:12,715 base 30505 4456423424 /Users/xu/.virtualenvs/meeting/lib/python2.7/site-packages/django/core/handlers/base.py 145 get_response Not Found: /teacher/create/term/success/static/js/controllers/teacher_score_jump_app.js
WARNING 2015-07-05 22:41:18,052 base 30505 4442820608 /Users/xu/.virtualenvs/meeting/lib/python2.7/site-packages/django/core/handlers/base.py 145 get_response Not Found: /teacher/record/grade/static/css/index.css
WARNING 2015-07-05 22:41:18,057 base 30505 4448534528 /Users/xu/.virtualenvs/meeting/lib/python2.7/site-packages/django/core/handlers/base.py 145 get_response Not Found: /teacher/record/grade/static/css/resets.css
WARNING 2015-07-05 22:41:18,067 base 30505 4452741120 /Users/xu/.virtualenvs/meeting/lib/python2.7/site-packages/django/core/handlers/base.py 145 get_response Not Found: /teacher/record/grade/static/js/angularJS/angular-1.3.0.js
WARNING 2015-07-05 22:41:18,081 base 30505 4456947712 /Users/xu/.virtualenvs/meeting/lib/python2.7/site-packages/django/core/handlers/base.py 145 get_response Not Found: /teacher/record/grade/static/js/setRem.js
WARNING 2015-07-05 22:41:18,095 base 30505 4442820608 /Users/xu/.virtualenvs/meeting/lib/python2.7/site-packages/django/core/handlers/base.py 145 get_response Not Found: /teacher/record/grade/static/js/controllers/teacher_score_input_app.js
WARNING 2015-07-05 22:58:18,237 base 30505 4442820608 /Users/xu/.virtualenvs/meeting/lib/python2.7/site-packages/django/core/handlers/base.py 145 get_response Not Found: /api/teacher/class/1/students
WARNING 2015-07-05 23:03:33,777 base 30505 4442820608 /Users/xu/.virtualenvs/meeting/lib/python2.7/site-packages/django/core/handlers/base.py 145 get_response Not Found: /api/teacher/class//students/
WARNING 2015-07-05 23:03:35,243 base 30505 4442820608 /Users/xu/.virtualenvs/meeting/lib/python2.7/site-packages/django/core/handlers/base.py 145 get_response Not Found: /api/teacher/class//students/
WARNING 2015-07-05 23:03:46,029 base 30505 4442820608 /Users/xu/.virtualenvs/meeting/lib/python2.7/site-packages/django/core/handlers/base.py 145 get_response Not Found: /api/teacher/class//students/
WARNING 2015-07-05 23:05:12,406 base 30505 4442820608 /Users/xu/.virtualenvs/meeting/lib/python2.7/site-packages/django/core/handlers/base.py 145 get_response Not Found: /api/teacher/class//students/
WARNING 2015-07-05 23:05:24,302 base 30645 4515753984 /Users/xu/.virtualenvs/meeting/lib/python2.7/site-packages/django/core/handlers/base.py 145 get_response Not Found: /api/teacher/class//students/
WARNING 2015-07-05 23:05:59,704 base 30645 4515753984 /Users/xu/.virtualenvs/meeting/lib/python2.7/site-packages/django/core/handlers/base.py 145 get_response Not Found: /api/teacher/class//students/
WARNING 2015-07-06 09:49:03,812 base 31263 4337037312 /Users/xu/.virtualenvs/meeting/lib/python2.7/site-packages/django/core/handlers/base.py 145 get_response Not Found: /api/class/1/students/
WARNING 2015-07-06 13:57:44,682 base 32131 4559413248 /Users/xu/.virtualenvs/meeting/lib/python2.7/site-packages/django/core/handlers/base.py 145 get_response Not Found: /favicon.ico
WARNING 2015-07-06 14:07:26,417 base 32183 4435816448 /Users/xu/.virtualenvs/meeting/lib/python2.7/site-packages/django/core/handlers/base.py 145 get_response Not Found: /api/term/1/students/grade/
WARNING 2015-07-06 20:22:04,483 base 33605 4351844352 /Users/xu/.virtualenvs/meeting/lib/python2.7/site-packages/django/core/handlers/base.py 145 get_response Not Found: /teacher/login、
WARNING 2015-07-06 20:22:08,451 base 33605 4347375616 /Users/xu/.virtualenvs/meeting/lib/python2.7/site-packages/django/core/handlers/base.py 145 get_response Not Found: /teacher/login/
WARNING 2015-07-06 20:22:15,580 base 33605 4351844352 /Users/xu/.virtualenvs/meeting/lib/python2.7/site-packages/django/core/handlers/base.py 145 get_response Not Found: /teachers/login/
WARNING 2015-07-06 20:24:29,486 base 33605 4360257536 /Users/xu/.virtualenvs/meeting/lib/python2.7/site-packages/django/core/handlers/base.py 145 get_response Not Found: /users/login/static/js/angularJS/angular.min.js
WARNING 2015-07-06 20:25:02,516 base 33605 4347375616 /Users/xu/.virtualenvs/meeting/lib/python2.7/site-packages/django/core/handlers/base.py 145 get_response Not Found: /api/users/login/
WARNING 2015-07-06 22:09:01,550 base 34665 4567887872 /Users/xu/.virtualenvs/meeting/lib/python2.7/site-packages/django/core/handlers/base.py 145 get_response Not Found: /login/error/
WARNING 2015-07-06 22:10:16,868 base 34680 4419588096 /Users/xu/.virtualenvs/meeting/lib/python2.7/site-packages/django/core/handlers/base.py 145 get_response Not Found: /login/error/
WARNING 2015-07-06 22:11:07,459 base 34693 4568576000 /Users/xu/.virtualenvs/meeting/lib/python2.7/site-packages/django/core/handlers/base.py 145 get_response Not Found: /login/error/
WARNING 2015-07-06 22:11:46,295 base 34701 4378877952 /Users/xu/.virtualenvs/meeting/lib/python2.7/site-packages/django/core/handlers/base.py 145 get_response Not Found: /login/error/
